Pig Stack Trace
---------------
ERROR 1000: <line 14, column 27> Out of bound access. Trying to access non-existent column: 3. Schema letter:chararray,date:chararray,number:int has 3 column(s).

org.apache.pig.impl.plan.PlanValidationException: ERROR 1000: <line 14, column 27> Out of bound access. Trying to access non-existent column: 3. Schema letter:chararray,date:chararray,number:int has 3 column(s).
	at org.apache.pig.newplan.logical.expression.ProjectExpression.findColNum(ProjectExpression.java:200)
	at org.apache.pig.newplan.logical.expression.ProjectExpression.setColumnNumberFromAlias(ProjectExpression.java:174)
	at org.apache.pig.newplan.logical.visitor.ColumnAliasConversionVisitor$1.visit(ColumnAliasConversionVisitor.java:53)
	at org.apache.pig.newplan.logical.expression.ProjectExpression.accept(ProjectExpression.java:215)
	at org.apache.pig.newplan.DependencyOrderWalker.walk(DependencyOrderWalker.java:75)
	at org.apache.pig.newplan.PlanVisitor.visit(PlanVisitor.java:52)
	at org.apache.pig.newplan.logical.optimizer.AllExpressionVisitor.visitAll(AllExpressionVisitor.java:72)
	at org.apache.pig.newplan.logical.optimizer.AllExpressionVisitor.visit(AllExpressionVisitor.java:161)
	at org.apache.pig.newplan.logical.relational.LOSort.accept(LOSort.java:121)
	at org.apache.pig.newplan.DependencyOrderWalker.walk(DependencyOrderWalker.java:75)
	at org.apache.pig.newplan.PlanVisitor.visit(PlanVisitor.java:52)
	at org.apache.pig.newplan.logical.relational.LogicalPlan.validate(LogicalPlan.java:176)
	at org.apache.pig.PigServer$Graph.compile(PigServer.java:1852)
	at org.apache.pig.PigServer$Graph.access$300(PigServer.java:1528)
	at org.apache.pig.PigServer.execute(PigServer.java:1441)
	at org.apache.pig.PigServer.executeBatch(PigServer.java:489)
	at org.apache.pig.PigServer.executeBatch(PigServer.java:472)
	at org.apache.pig.tools.grunt.GruntParser.executeBatch(GruntParser.java:171)
	at org.apache.pig.tools.grunt.GruntParser.parseStopOnError(GruntParser.java:234)
	at org.apache.pig.tools.grunt.GruntParser.parseStopOnError(GruntParser.java:205)
	at org.apache.pig.tools.grunt.Grunt.exec(Grunt.java:81)
	at org.apache.pig.Main.run(Main.java:531)
	at org.apache.pig.Main.main(Main.java:175)
	at sun.reflect.NativeMethodAccessorImpl.invoke0(Native Method)
	at sun.reflect.NativeMethodAccessorImpl.invoke(NativeMethodAccessorImpl.java:62)
	at sun.reflect.DelegatingMethodAccessorImpl.invoke(DelegatingMethodAccessorImpl.java:43)
	at java.lang.reflect.Method.invoke(Method.java:498)
	at org.apache.hadoop.util.RunJar.run(RunJar.java:239)
	at org.apache.hadoop.util.RunJar.main(RunJar.java:153)
================================================================================
